2020-05-06 16:30:22,916 [main] INFO  be.belfius.games.GamesApplication - GamesApplication starts!
2020-05-06 16:30:22,931 [main] TRACE be.belfius.games.GamesApplication - reading properties
2020-05-06 16:30:23,008 [main] INFO  be.belfius.games.GamesApplication - running with properties for <prd> environment
2020-05-06 16:30:23,010 [main] TRACE be.belfius.games.GamesApplication - default folder=R:/java-jp/dev/
2020-05-06 16:30:23,012 [main] TRACE be.belfius.games.GamesApplication - default output filename=outfile.txt
2020-05-06 16:30:23,401 [main] TRACE be.belfius.games.GamesApplication - hashmap mapCategory loaded
2020-05-06 16:30:23,405 [main] TRACE be.belfius.games.GamesApplication - hashmap mapDifficulty loaded
2020-05-06 16:30:26,123 [main] ERROR be.belfius.games.GamesApplication - Your choice 'rr' is invalid
2020-05-07 11:56:04,869 [main] INFO  be.belfius.games.GamesApplication - GamesApplication starts!
2020-05-07 11:56:04,899 [main] TRACE be.belfius.games.GamesApplication - reading properties
2020-05-07 11:56:05,032 [main] INFO  be.belfius.games.GamesApplication - running with properties for <prd> environment
2020-05-07 11:56:05,035 [main] TRACE be.belfius.games.GamesApplication - default folder=R:/java-jp/dev/
2020-05-07 11:56:05,037 [main] TRACE be.belfius.games.GamesApplication - default output filename=outfile.txt
2020-05-07 11:56:05,606 [main] TRACE be.belfius.games.GamesApplication - hashmap mapCategory loaded
2020-05-07 11:56:05,629 [main] TRACE be.belfius.games.GamesApplication - hashmap mapDifficulty loaded
2020-05-07 12:50:32,871 [main] INFO  be.belfius.games.GamesApplication - GamesApplication starts!
2020-05-07 12:50:32,891 [main] TRACE be.belfius.games.GamesApplication - reading properties
2020-05-07 12:50:32,968 [main] INFO  be.belfius.games.GamesApplication - running with properties for <prd> environment
2020-05-07 12:50:32,970 [main] TRACE be.belfius.games.GamesApplication - default folder=R:/java-jp/prd/
2020-05-07 12:50:32,972 [main] TRACE be.belfius.games.GamesApplication - default output filename=outfile.txt
2020-05-07 12:50:33,400 [main] TRACE be.belfius.games.GamesApplication - hashmap mapCategory loaded
2020-05-07 12:50:33,426 [main] TRACE be.belfius.games.GamesApplication - hashmap mapDifficulty loaded
2020-05-07 12:57:34,232 [main] INFO  be.belfius.games.GamesApplication - GamesApplication starts!
2020-05-07 12:57:34,248 [main] TRACE be.belfius.games.GamesApplication - reading properties
2020-05-07 12:57:34,330 [main] INFO  be.belfius.games.GamesApplication - running with properties for <prd> environment
2020-05-07 12:57:34,332 [main] TRACE be.belfius.games.GamesApplication - default folder=R:/java-jp/prd/
2020-05-07 12:57:34,335 [main] TRACE be.belfius.games.GamesApplication - default output filename=outfile.txt
2020-05-07 12:57:34,880 [main] TRACE be.belfius.games.GamesApplication - hashmap mapCategory loaded
2020-05-07 12:57:34,906 [main] TRACE be.belfius.games.GamesApplication - hashmap mapDifficulty loaded
2020-05-07 13:27:33,027 [main] INFO  be.belfius.games.GamesApplication - GamesApplication starts!
2020-05-07 13:27:33,045 [main] TRACE be.belfius.games.GamesApplication - reading properties
2020-05-07 13:27:33,154 [main] INFO  be.belfius.games.GamesApplication - running with properties for <prd> environment
2020-05-07 13:27:33,156 [main] TRACE be.belfius.games.GamesApplication - default folder=R:/java-jp/prd/
2020-05-07 13:27:33,157 [main] TRACE be.belfius.games.GamesApplication - default output filename=outfile.txt
2020-05-07 13:27:33,657 [main] TRACE be.belfius.games.GamesApplication - hashmap mapCategory loaded
2020-05-07 13:27:33,683 [main] TRACE be.belfius.games.GamesApplication - hashmap mapDifficulty loaded
2020-05-07 13:43:07,110 [main] INFO  be.belfius.games.GamesApplication - GamesApplication starts!
2020-05-07 13:43:07,129 [main] TRACE be.belfius.games.GamesApplication - reading properties
2020-05-07 13:43:07,211 [main] INFO  be.belfius.games.GamesApplication - running with properties for <prd> environment
2020-05-07 13:43:07,213 [main] TRACE be.belfius.games.GamesApplication - default folder=R:/java-jp/prd/
2020-05-07 13:43:07,214 [main] TRACE be.belfius.games.GamesApplication - default output filename=outfile.txt
2020-05-07 13:43:07,674 [main] TRACE be.belfius.games.GamesApplication - hashmap mapCategory loaded
2020-05-07 13:43:07,699 [main] TRACE be.belfius.games.GamesApplication - hashmap mapDifficulty loaded
2020-05-07 13:49:24,825 [main] INFO  be.belfius.games.GamesApplication - GamesApplication starts!
2020-05-07 13:49:24,846 [main] TRACE be.belfius.games.GamesApplication - reading properties
2020-05-07 13:49:24,934 [main] INFO  be.belfius.games.GamesApplication - running with properties for <prd> environment
2020-05-07 13:49:24,937 [main] TRACE be.belfius.games.GamesApplication - default folder=R:/java-jp/prd/
2020-05-07 13:49:24,939 [main] TRACE be.belfius.games.GamesApplication - default output filename=outfile.txt
2020-05-07 13:49:25,382 [main] TRACE be.belfius.games.GamesApplication - hashmap mapCategory loaded
2020-05-07 13:49:25,429 [main] TRACE be.belfius.games.GamesApplication - hashmap mapDifficulty loaded
2020-05-07 13:55:51,448 [main] INFO  be.belfius.games.GamesApplication - GamesApplication starts!
2020-05-07 13:55:51,465 [main] TRACE be.belfius.games.GamesApplication - reading properties
2020-05-07 13:55:51,570 [main] INFO  be.belfius.games.GamesApplication - running with properties for <prd> environment
2020-05-07 13:55:51,577 [main] TRACE be.belfius.games.GamesApplication - default folder=R:/java-jp/prd/
2020-05-07 13:55:51,579 [main] TRACE be.belfius.games.GamesApplication - default output filename=outfile.txt
2020-05-07 13:55:52,033 [main] TRACE be.belfius.games.GamesApplication - hashmap mapCategory loaded
2020-05-07 13:55:52,059 [main] TRACE be.belfius.games.GamesApplication - hashmap mapDifficulty loaded
2020-05-07 14:06:23,251 [main] INFO  be.belfius.games.GamesApplication - GamesApplication starts!
2020-05-07 14:06:23,267 [main] TRACE be.belfius.games.GamesApplication - reading properties
2020-05-07 14:06:23,353 [main] INFO  be.belfius.games.GamesApplication - running with properties for <prd> environment
2020-05-07 14:06:23,357 [main] TRACE be.belfius.games.GamesApplication - default folder=R:/java-jp/prd/
2020-05-07 14:06:23,359 [main] TRACE be.belfius.games.GamesApplication - default output filename=outfile.txt
2020-05-07 14:06:23,804 [main] TRACE be.belfius.games.GamesApplication - hashmap mapCategory loaded
2020-05-07 14:06:23,835 [main] TRACE be.belfius.games.GamesApplication - hashmap mapDifficulty loaded
2020-05-07 14:12:05,924 [main] INFO  be.belfius.games.GamesApplication - GamesApplication starts!
2020-05-07 14:12:05,942 [main] TRACE be.belfius.games.GamesApplication - reading properties
2020-05-07 14:12:06,023 [main] INFO  be.belfius.games.GamesApplication - running with properties for <prd> environment
2020-05-07 14:12:06,025 [main] TRACE be.belfius.games.GamesApplication - default folder=R:/java-jp/prd/
2020-05-07 14:12:06,026 [main] TRACE be.belfius.games.GamesApplication - default output filename=outfile.txt
2020-05-07 14:12:06,477 [main] TRACE be.belfius.games.GamesApplication - hashmap mapCategory loaded
2020-05-07 14:12:06,515 [main] TRACE be.belfius.games.GamesApplication - hashmap mapDifficulty loaded
2020-05-07 14:20:38,703 [main] INFO  be.belfius.games.GamesApplication - GamesApplication starts!
2020-05-07 14:20:38,720 [main] TRACE be.belfius.games.GamesApplication - reading properties
2020-05-07 14:20:38,807 [main] INFO  be.belfius.games.GamesApplication - running with properties for <prd> environment
2020-05-07 14:20:38,809 [main] TRACE be.belfius.games.GamesApplication - default folder=R:/java-jp/prd/
2020-05-07 14:20:38,810 [main] TRACE be.belfius.games.GamesApplication - default output filename=outfile.txt
2020-05-07 14:20:39,251 [main] TRACE be.belfius.games.GamesApplication - hashmap mapCategory loaded
2020-05-07 14:20:39,271 [main] TRACE be.belfius.games.GamesApplication - hashmap mapDifficulty loaded
2020-05-07 14:21:18,977 [main] ERROR be.belfius.games.GamesApplication - Your choice '' is invalid
2020-05-07 14:51:00,560 [main] INFO  be.belfius.games.GamesApplication - GamesApplication starts!
2020-05-07 14:51:00,577 [main] TRACE be.belfius.games.GamesApplication - reading properties
2020-05-07 14:51:00,685 [main] INFO  be.belfius.games.GamesApplication - running with properties for <prd> environment
2020-05-07 14:51:00,687 [main] TRACE be.belfius.games.GamesApplication - default folder=R:/java-jp/prd/
2020-05-07 14:51:00,689 [main] TRACE be.belfius.games.GamesApplication - default output filename=outfile.txt
2020-05-07 14:51:01,164 [main] TRACE be.belfius.games.GamesApplication - hashmap mapCategory loaded
2020-05-07 14:51:01,184 [main] TRACE be.belfius.games.GamesApplication - hashmap mapDifficulty loaded
2020-05-07 15:23:14,892 [main] INFO  be.belfius.games.GamesApplication - GamesApplication starts!
2020-05-07 15:23:14,911 [main] TRACE be.belfius.games.GamesApplication - reading properties
2020-05-07 15:23:15,010 [main] INFO  be.belfius.games.GamesApplication - running with properties for <prd> environment
2020-05-07 15:23:15,015 [main] TRACE be.belfius.games.GamesApplication - default folder=R:/java-jp/prd/
2020-05-07 15:23:15,019 [main] TRACE be.belfius.games.GamesApplication - default output filename=outfile.txt
2020-05-07 15:23:15,518 [main] TRACE be.belfius.games.GamesApplication - hashmap mapCategory loaded
2020-05-07 15:23:15,546 [main] TRACE be.belfius.games.GamesApplication - hashmap mapDifficulty loaded
2020-05-07 15:30:57,878 [main] INFO  be.belfius.games.GamesApplication - GamesApplication starts!
2020-05-07 15:30:57,897 [main] TRACE be.belfius.games.GamesApplication - reading properties
2020-05-07 15:30:57,977 [main] INFO  be.belfius.games.GamesApplication - running with properties for <prd> environment
2020-05-07 15:30:57,979 [main] TRACE be.belfius.games.GamesApplication - default folder=R:/java-jp/prd/
2020-05-07 15:30:57,981 [main] TRACE be.belfius.games.GamesApplication - default output filename=outfile.txt
2020-05-07 15:30:58,501 [main] TRACE be.belfius.games.GamesApplication - hashmap mapCategory loaded
2020-05-07 15:30:58,526 [main] TRACE be.belfius.games.GamesApplication - hashmap mapDifficulty loaded
2020-05-07 15:31:01,651 [main] TRACE be.belfius.games.GamesApplication - hashmap mapCategory RE-loaded
2020-05-07 15:34:12,864 [main] INFO  be.belfius.games.GamesApplication - GamesApplication starts!
2020-05-07 15:34:12,882 [main] TRACE be.belfius.games.GamesApplication - reading properties
2020-05-07 15:34:12,960 [main] INFO  be.belfius.games.GamesApplication - running with properties for <prd> environment
2020-05-07 15:34:12,966 [main] TRACE be.belfius.games.GamesApplication - default folder=R:/java-jp/prd/
2020-05-07 15:34:12,968 [main] TRACE be.belfius.games.GamesApplication - default output filename=outfile.txt
2020-05-07 15:34:13,476 [main] TRACE be.belfius.games.GamesApplication - hashmap mapCategory loaded
2020-05-07 15:34:13,503 [main] TRACE be.belfius.games.GamesApplication - hashmap mapDifficulty loaded
2020-05-07 15:34:49,822 [main] TRACE be.belfius.games.GamesApplication - hashmap mapDifficuty RE-loaded
2020-05-07 15:36:53,958 [main] INFO  be.belfius.games.GamesApplication - GamesApplication starts!
2020-05-07 15:36:53,974 [main] TRACE be.belfius.games.GamesApplication - reading properties
2020-05-07 15:36:54,054 [main] INFO  be.belfius.games.GamesApplication - running with properties for <prd> environment
2020-05-07 15:36:54,056 [main] TRACE be.belfius.games.GamesApplication - default folder=R:/java-jp/prd/
2020-05-07 15:36:54,057 [main] TRACE be.belfius.games.GamesApplication - default output filename=outfile.txt
2020-05-07 15:36:54,514 [main] TRACE be.belfius.games.GamesApplication - hashmap mapCategory loaded
2020-05-07 15:36:54,533 [main] TRACE be.belfius.games.GamesApplication - hashmap mapDifficulty loaded
2020-05-07 15:36:56,411 [main] TRACE be.belfius.games.GamesApplication - hashmap mapDifficuty RE-loaded
2020-05-07 15:38:21,716 [main] INFO  be.belfius.games.GamesApplication - GamesApplication starts!
2020-05-07 15:38:21,735 [main] TRACE be.belfius.games.GamesApplication - reading properties
2020-05-07 15:38:21,820 [main] INFO  be.belfius.games.GamesApplication - running with properties for <prd> environment
2020-05-07 15:38:21,822 [main] TRACE be.belfius.games.GamesApplication - default folder=R:/java-jp/prd/
2020-05-07 15:38:21,823 [main] TRACE be.belfius.games.GamesApplication - default output filename=outfile.txt
2020-05-07 15:38:22,354 [main] TRACE be.belfius.games.GamesApplication - hashmap mapCategory loaded
2020-05-07 15:38:22,378 [main] TRACE be.belfius.games.GamesApplication - hashmap mapDifficulty loaded
2020-05-07 15:38:33,642 [main] TRACE be.belfius.games.GamesApplication - hashmap mapDifficuty RE-loaded
2020-05-07 15:56:37,827 [main] INFO  be.belfius.games.GamesApplication - GamesApplication starts!
2020-05-07 15:56:37,846 [main] TRACE be.belfius.games.GamesApplication - reading properties
2020-05-07 15:56:37,927 [main] INFO  be.belfius.games.GamesApplication - running with properties for <prd> environment
2020-05-07 15:56:37,929 [main] TRACE be.belfius.games.GamesApplication - default folder=R:/java-jp/prd/
2020-05-07 15:56:37,930 [main] TRACE be.belfius.games.GamesApplication - default output filename=outfile.txt
2020-05-07 15:56:38,429 [main] TRACE be.belfius.games.GamesApplication - hashmap mapCategory loaded
2020-05-07 15:56:38,467 [main] TRACE be.belfius.games.GamesApplication - hashmap mapDifficulty loaded
2020-05-07 16:13:22,094 [main] INFO  be.belfius.games.GamesApplication - GamesApplication starts!
2020-05-07 16:13:22,108 [main] TRACE be.belfius.games.GamesApplication - reading properties
2020-05-07 16:13:22,199 [main] INFO  be.belfius.games.GamesApplication - running with properties for <prd> environment
2020-05-07 16:13:22,201 [main] TRACE be.belfius.games.GamesApplication - default folder=R:/java-jp/prd/
2020-05-07 16:13:22,202 [main] TRACE be.belfius.games.GamesApplication - default output filename=outfile.txt
2020-05-07 16:13:22,684 [main] TRACE be.belfius.games.GamesApplication - hashmap mapCategory loaded
2020-05-07 16:13:22,710 [main] TRACE be.belfius.games.GamesApplication - hashmap mapDifficulty loaded
2020-05-07 16:13:30,372 [main] TRACE be.belfius.games.GamesApplication - hashmap mapDifficuty RE-loaded
2020-05-07 16:16:03,572 [main] INFO  be.belfius.games.GamesApplication - GamesApplication starts!
2020-05-07 16:16:03,586 [main] TRACE be.belfius.games.GamesApplication - reading properties
2020-05-07 16:16:03,661 [main] INFO  be.belfius.games.GamesApplication - running with properties for <prd> environment
2020-05-07 16:16:03,663 [main] TRACE be.belfius.games.GamesApplication - default folder=R:/java-jp/prd/
2020-05-07 16:16:03,664 [main] TRACE be.belfius.games.GamesApplication - default output filename=outfile.txt
2020-05-07 16:16:04,105 [main] TRACE be.belfius.games.GamesApplication - hashmap mapCategory loaded
2020-05-07 16:16:04,129 [main] TRACE be.belfius.games.GamesApplication - hashmap mapDifficulty loaded
2020-05-07 16:20:47,192 [main] INFO  be.belfius.games.GamesApplication - GamesApplication starts!
2020-05-07 16:20:47,207 [main] TRACE be.belfius.games.GamesApplication - reading properties
2020-05-07 16:20:47,281 [main] INFO  be.belfius.games.GamesApplication - running with properties for <prd> environment
2020-05-07 16:20:47,283 [main] TRACE be.belfius.games.GamesApplication - default folder=R:/java-jp/prd/
2020-05-07 16:20:47,284 [main] TRACE be.belfius.games.GamesApplication - default output filename=outfile.txt
2020-05-07 16:20:47,772 [main] TRACE be.belfius.games.GamesApplication - hashmap mapCategory loaded
2020-05-07 16:20:47,812 [main] TRACE be.belfius.games.GamesApplication - hashmap mapDifficulty loaded
2020-05-07 16:20:49,792 [main] TRACE be.belfius.games.GamesApplication - hashmap mapDifficuty RE-loaded
2020-05-07 16:28:28,233 [main] INFO  be.belfius.games.GamesApplication - GamesApplication starts!
2020-05-07 16:28:28,249 [main] TRACE be.belfius.games.GamesApplication - reading properties
2020-05-07 16:28:28,328 [main] INFO  be.belfius.games.GamesApplication - running with properties for <prd> environment
2020-05-07 16:28:28,330 [main] TRACE be.belfius.games.GamesApplication - default folder=R:/java-jp/prd/
2020-05-07 16:28:28,331 [main] TRACE be.belfius.games.GamesApplication - default output filename=outfile.txt
2020-05-07 16:28:28,766 [main] TRACE be.belfius.games.GamesApplication - hashmap mapCategory loaded
2020-05-07 16:28:28,786 [main] TRACE be.belfius.games.GamesApplication - hashmap mapDifficulty loaded
2020-05-07 16:28:30,852 [main] TRACE be.belfius.games.GamesApplication - hashmap mapDifficuty RE-loaded
2020-05-07 16:29:49,179 [main] TRACE be.belfius.games.GamesApplication - hashmap mapDifficuty RE-loaded
2020-05-07 16:32:03,378 [main] INFO  be.belfius.games.GamesApplication - GamesApplication starts!
2020-05-07 16:32:03,393 [main] TRACE be.belfius.games.GamesApplication - reading properties
2020-05-07 16:32:03,470 [main] INFO  be.belfius.games.GamesApplication - running with properties for <prd> environment
2020-05-07 16:32:03,471 [main] TRACE be.belfius.games.GamesApplication - default folder=R:/java-jp/prd/
2020-05-07 16:32:03,473 [main] TRACE be.belfius.games.GamesApplication - default output filename=outfile.txt
2020-05-07 16:32:03,893 [main] TRACE be.belfius.games.GamesApplication - hashmap mapCategory loaded
2020-05-07 16:32:03,917 [main] TRACE be.belfius.games.GamesApplication - hashmap mapDifficulty loaded
2020-05-07 16:32:06,333 [main] TRACE be.belfius.games.GamesApplication - hashmap mapDifficuty RE-loaded
2020-05-07 16:38:34,003 [main] INFO  be.belfius.games.GamesApplication - GamesApplication starts!
2020-05-07 16:38:34,024 [main] TRACE be.belfius.games.GamesApplication - reading properties
2020-05-07 16:38:34,117 [main] INFO  be.belfius.games.GamesApplication - running with properties for <prd> environment
2020-05-07 16:38:34,119 [main] TRACE be.belfius.games.GamesApplication - default folder=R:/java-jp/prd/
2020-05-07 16:38:34,121 [main] TRACE be.belfius.games.GamesApplication - default output filename=outfile.txt
2020-05-07 16:38:34,626 [main] TRACE be.belfius.games.GamesApplication - hashmap mapCategory loaded
2020-05-07 16:38:34,644 [main] TRACE be.belfius.games.GamesApplication - hashmap mapDifficulty loaded
2020-05-07 16:38:37,401 [main] TRACE be.belfius.games.GamesApplication - hashmap mapDifficuty RE-loaded
2020-05-07 16:40:35,533 [main] INFO  be.belfius.games.GamesApplication - GamesApplication starts!
2020-05-07 16:40:35,547 [main] TRACE be.belfius.games.GamesApplication - reading properties
2020-05-07 16:40:35,624 [main] INFO  be.belfius.games.GamesApplication - running with properties for <prd> environment
2020-05-07 16:40:35,627 [main] TRACE be.belfius.games.GamesApplication - default folder=R:/java-jp/prd/
2020-05-07 16:40:35,629 [main] TRACE be.belfius.games.GamesApplication - default output filename=outfile.txt
2020-05-07 16:40:36,071 [main] TRACE be.belfius.games.GamesApplication - hashmap mapCategory loaded
2020-05-07 16:40:36,102 [main] TRACE be.belfius.games.GamesApplication - hashmap mapDifficulty loaded
2020-05-07 16:40:38,571 [main] TRACE be.belfius.games.GamesApplication - hashmap mapDifficuty RE-loaded
2020-05-07 16:41:40,790 [main] INFO  be.belfius.games.GamesApplication - GamesApplication starts!
2020-05-07 16:41:40,806 [main] TRACE be.belfius.games.GamesApplication - reading properties
2020-05-07 16:41:40,882 [main] INFO  be.belfius.games.GamesApplication - running with properties for <prd> environment
2020-05-07 16:41:40,883 [main] TRACE be.belfius.games.GamesApplication - default folder=R:/java-jp/prd/
2020-05-07 16:41:40,885 [main] TRACE be.belfius.games.GamesApplication - default output filename=outfile.txt
2020-05-07 16:41:41,295 [main] TRACE be.belfius.games.GamesApplication - hashmap mapCategory loaded
2020-05-07 16:41:41,319 [main] TRACE be.belfius.games.GamesApplication - hashmap mapDifficulty loaded
2020-05-07 16:41:42,876 [main] TRACE be.belfius.games.GamesApplication - hashmap mapDifficuty RE-loaded
2020-05-07 16:42:06,285 [main] INFO  be.belfius.games.GamesApplication - GamesApplication starts!
2020-05-07 16:42:06,300 [main] TRACE be.belfius.games.GamesApplication - reading properties
2020-05-07 16:42:06,372 [main] INFO  be.belfius.games.GamesApplication - running with properties for <prd> environment
2020-05-07 16:42:06,374 [main] TRACE be.belfius.games.GamesApplication - default folder=R:/java-jp/prd/
2020-05-07 16:42:06,375 [main] TRACE be.belfius.games.GamesApplication - default output filename=outfile.txt
2020-05-07 16:42:06,794 [main] TRACE be.belfius.games.GamesApplication - hashmap mapCategory loaded
2020-05-07 16:42:06,814 [main] TRACE be.belfius.games.GamesApplication - hashmap mapDifficulty loaded
2020-05-07 16:42:08,617 [main] TRACE be.belfius.games.GamesApplication - hashmap mapDifficuty RE-loaded
2020-05-08 09:14:59,636 [main] INFO  be.belfius.games.GamesApplication - GamesApplication starts!
2020-05-08 09:14:59,652 [main] TRACE be.belfius.games.GamesApplication - reading properties
2020-05-08 09:14:59,837 [main] INFO  be.belfius.games.GamesApplication - running with properties for <prd> environment
2020-05-08 09:14:59,840 [main] TRACE be.belfius.games.GamesApplication - default folder=R:/java-jp/prd/
2020-05-08 09:14:59,841 [main] TRACE be.belfius.games.GamesApplication - default output filename=outfile.txt
2020-05-08 09:15:00,393 [main] TRACE be.belfius.games.GamesApplication - hashmap mapCategory loaded
2020-05-08 09:15:00,430 [main] TRACE be.belfius.games.GamesApplication - hashmap mapDifficulty loaded
